This is XeTeX, Version 3.14159265-2.6-0.999991 (TeX Live 2019/W32TeX) (preloaded format=xelatex 2020.3.4)  26 SEP 2020 17:18
entering extended mode
 restricted \write18 enabled.
 %&-line parsing enabled.
**Book_MI.tex
(./Book_MI.tex
LaTeX2e <2020-02-02> patch level 5
L3 programming layer <2020-02-25> (c:/Users/mwhey/AppData/Roaming/TinyTeX/texmf
-dist/tex/latex/base/book.cls
Document Class: book 2019/12/20 v1.4l Standard LaTeX document class
(c:/Users/mwhey/AppData/Roaming/TinyTeX/texmf-dist/tex/latex/base/bk10.clo
File: bk10.clo 2019/12/20 v1.4l Standard LaTeX file (size option)
)
\c@part=\count163
\c@chapter=\count164
\c@section=\count165
\c@subsection=\count166
\c@subsubsection=\count167
\c@paragraph=\count168
\c@subparagraph=\count169
\c@figure=\count170
\c@table=\count171
\abovecaptionskip=\skip47
\belowcaptionskip=\skip48
\bibindent=\dimen134
) (c:/Users/mwhey/AppData/Roaming/TinyTeX/texmf-dist/tex/latex/lm/lmodern.sty
Package: lmodern 2009/10/30 v1.6 Latin Modern Fonts
LaTeX Font Info:    Overwriting symbol font `operators' in version `normal'
(Font)                  OT1/cmr/m/n --> OT1/lmr/m/n on input line 22.
LaTeX Font Info:    Overwriting symbol font `letters' in version `normal'
(Font)                  OML/cmm/m/it --> OML/lmm/m/it on input line 23.
LaTeX Font Info:    Overwriting symbol font `symbols' in version `normal'
(Font)                  OMS/cmsy/m/n --> OMS/lmsy/m/n on input line 24.
LaTeX Font Info:    Overwriting symbol font `largesymbols' in version `normal'
(Font)                  OMX/cmex/m/n --> OMX/lmex/m/n on input line 25.
LaTeX Font Info:    Overwriting symbol font `operators' in version `bold'
(Font)                  OT1/cmr/bx/n --> OT1/lmr/bx/n on input line 26.
LaTeX Font Info:    Overwriting symbol font `letters' in version `bold'
(Font)                  OML/cmm/b/it --> OML/lmm/b/it on input line 27.
LaTeX Font Info:    Overwriting symbol font `symbols' in version `bold'
(Font)                  OMS/cmsy/b/n --> OMS/lmsy/b/n on input line 28.
LaTeX Font Info:    Overwriting symbol font `largesymbols' in version `bold'
(Font)                  OMX/cmex/m/n --> OMX/lmex/m/n on input line 29.
LaTeX Font Info:    Overwriting math alphabet `\mathbf' in version `normal'
(Font)                  OT1/cmr/bx/n --> OT1/lmr/bx/n on input line 31.
LaTeX Font Info:    Overwriting math alphabet `\mathsf' in version `normal'
(Font)                  OT1/cmss/m/n --> OT1/lmss/m/n on input line 32.
LaTeX Font Info:    Overwriting math alphabet `\mathit' in version `normal'
(Font)                  OT1/cmr/m/it --> OT1/lmr/m/it on input line 33.
LaTeX Font Info:    Overwriting math alphabet `\mathtt' in version `normal'
(Font)                  OT1/cmtt/m/n --> OT1/lmtt/m/n on input line 34.
LaTeX Font Info:    Overwriting math alphabet `\mathbf' in version `bold'
(Font)                  OT1/cmr/bx/n --> OT1/lmr/bx/n on input line 35.
LaTeX Font Info:    Overwriting math alphabet `\mathsf' in version `bold'
(Font)                  OT1/cmss/bx/n --> OT1/lmss/bx/n on input line 36.
LaTeX Font Info:    Overwriting math alphabet `\mathit' in version `bold'
(Font)                  OT1/cmr/bx/it --> OT1/lmr/bx/it on input line 37.
LaTeX Font Info:    Overwriting math alphabet `\mathtt' in version `bold'
(Font)                  OT1/cmtt/m/n --> OT1/lmtt/m/n on input line 38.
)
(c:/Users/mwhey/AppData/Roaming/TinyTeX/texmf-dist/tex/latex/amsfonts/amssymb.s
ty
Package: amssymb 2013/01/14 v3.01 AMS font symbols

(c:/Users/mwhey/AppData/Roaming/TinyTeX/texmf-dist/tex/latex/amsfonts/amsfonts.
sty
Package: amsfonts 2013/01/14 v3.01 Basic AMSFonts support
\@emptytoks=\toks15
\symAMSa=\mathgroup4
\symAMSb=\mathgroup5
LaTeX Font Info:    Redeclaring math symbol \hbar on input line 98.
LaTeX Font Info:    Overwriting math alphabet `\mathfrak' in version `bold'
(Font)                  U/euf/m/n --> U/euf/b/n on input line 106.
))
(c:/Users/mwhey/AppData/Roaming/TinyTeX/texmf-dist/tex/latex/amsmath/amsmath.st
y
Package: amsmath 2020/01/20 v2.17e AMS math features
\@mathmargin=\skip49
For additional information on amsmath, use the `?' option.

(c:/Users/mwhey/AppData/Roaming/TinyTeX/texmf-dist/tex/latex/amsmath/amstext.st
y
Package: amstext 2000/06/29 v2.01 AMS text

(c:/Users/mwhey/AppData/Roaming/TinyTeX/texmf-dist/tex/latex/amsmath/amsgen.sty
File: amsgen.sty 1999/11/30 v2.0 generic functions
\@emptytoks=\toks16
\ex@=\dimen135
))
(c:/Users/mwhey/AppData/Roaming/TinyTeX/texmf-dist/tex/latex/amsmath/amsbsy.sty
Package: amsbsy 1999/11/29 v1.2d Bold Symbols
\pmbraise@=\dimen136
)
(c:/Users/mwhey/AppData/Roaming/TinyTeX/texmf-dist/tex/latex/amsmath/amsopn.sty
Package: amsopn 2016/03/08 v2.02 operator names
)
\inf@bad=\count172
LaTeX Info: Redefining \frac on input line 227.
\uproot@=\count173
\leftroot@=\count174
LaTeX Info: Redefining \overline on input line 389.
\classnum@=\count175
\DOTSCASE@=\count176
LaTeX Info: Redefining \ldots on input line 486.
LaTeX Info: Redefining \dots on input line 489.
LaTeX Info: Redefining \cdots on input line 610.
\Mathstrutbox@=\box45
\strutbox@=\box46
\big@size=\dimen137
LaTeX Font Info:    Redeclaring font encoding OML on input line 733.
LaTeX Font Info:    Redeclaring font encoding OMS on input line 734.
\macc@depth=\count177
\c@MaxMatrixCols=\count178
\dotsspace@=\muskip16
\c@parentequation=\count179
\dspbrk@lvl=\count180
\tag@help=\toks17
\row@=\count181
\column@=\count182
\maxfields@=\count183
\andhelp@=\toks18
\eqnshift@=\dimen138
\alignsep@=\dimen139
\tagshift@=\dimen140
\tagwidth@=\dimen141
\totwidth@=\dimen142
\lineht@=\dimen143
\@envbody=\toks19
\multlinegap=\skip50
\multlinetaggap=\skip51
\mathdisplay@stack=\toks20
LaTeX Info: Redefining \[ on input line 2859.
LaTeX Info: Redefining \] on input line 2860.
)
(c:/Users/mwhey/AppData/Roaming/TinyTeX/texmf-dist/tex/generic/iftex/ifxetex.st
y
Package: ifxetex 2019/10/25 v0.7 ifxetex legacy package. Use iftex instead.
(c:/Users/mwhey/AppData/Roaming/TinyTeX/texmf-dist/tex/generic/iftex/iftex.sty
Package: iftex 2019/11/07 v1.0c TeX engine tests
))
(c:/Users/mwhey/AppData/Roaming/TinyTeX/texmf-dist/tex/generic/iftex/ifluatex.s
ty
Package: ifluatex 2019/10/25 v1.5 ifluatex legacy package. Use iftex instead.
)
(c:/Users/mwhey/AppData/Roaming/TinyTeX/texmf-dist/tex/latex/unicode-math/unico
de-math.sty
(c:/Users/mwhey/AppData/Roaming/TinyTeX/texmf-dist/tex/latex/l3kernel/expl3.sty
Package: expl3 2020-02-25 L3 programming layer (loader) 

(c:/Users/mwhey/AppData/Roaming/TinyTeX/texmf-dist/tex/latex/l3backend/l3backen
d-xdvipdfmx.def
File: l3backend-xdvipdfmx.def 2020-02-23 L3 backend support: xdvipdfmx
\g__graphics_track_int=\count184
\l__pdf_internal_box=\box47
\g__pdf_backend_object_int=\count185
\g__pdf_backend_annotation_int=\count186
))
Package: unicode-math 2020/01/31 v0.8q Unicode maths in XeLaTeX and LuaLaTeX

(c:/Users/mwhey/AppData/Roaming/TinyTeX/texmf-dist/tex/latex/unicode-math/unico
de-math-xetex.sty
Package: unicode-math-xetex 2020/01/31 v0.8q Unicode maths in XeLaTeX and LuaLa
TeX

(c:/Users/mwhey/AppData/Roaming/TinyTeX/texmf-dist/tex/latex/l3packages/xparse/
xparse.sty
Package: xparse 2020-02-25 L3 Experimental document command parser
\l__xparse_current_arg_int=\count187
\g__xparse_grabber_int=\count188
\l__xparse_m_args_int=\count189
\l__xparse_v_nesting_int=\count190
)
(c:/Users/mwhey/AppData/Roaming/TinyTeX/texmf-dist/tex/latex/l3packages/l3keys2
e/l3keys2e.sty
Package: l3keys2e 2020-02-25 LaTeX2e option processing using LaTeX3 keys
)
(c:/Users/mwhey/AppData/Roaming/TinyTeX/texmf-dist/tex/latex/fontspec/fontspec.
sty
Package: fontspec 2020/02/21 v2.7i Font selection for XeLaTeX and LuaLaTeX

(c:/Users/mwhey/AppData/Roaming/TinyTeX/texmf-dist/tex/latex/fontspec/fontspec-
xetex.sty
Package: fontspec-xetex 2020/02/21 v2.7i Font selection for XeLaTeX and LuaLaTe
X
\l__fontspec_script_int=\count191
\l__fontspec_language_int=\count192
\l__fontspec_strnum_int=\count193
\l__fontspec_tmp_int=\count194
\l__fontspec_tmpa_int=\count195
\l__fontspec_tmpb_int=\count196
\l__fontspec_tmpc_int=\count197
\l__fontspec_em_int=\count198
\l__fontspec_emdef_int=\count199
\l__fontspec_strong_int=\count266
\l__fontspec_strongdef_int=\count267
\l__fontspec_tmpa_dim=\dimen144
\l__fontspec_tmpb_dim=\dimen145
\l__fontspec_tmpc_dim=\dimen146
(c:/Users/mwhey/AppData/Roaming/TinyTeX/texmf-dist/tex/latex/base/fontenc.sty
Package: fontenc 2020/02/11 v2.0o Standard LaTeX package
)
(c:/Users/mwhey/AppData/Roaming/TinyTeX/texmf-dist/tex/latex/fontspec/fontspec.
cfg))) (c:/Users/mwhey/AppData/Roaming/TinyTeX/texmf-dist/tex/latex/base/fix-cm
.sty
Package: fix-cm 2015/01/14 v1.1t fixes to LaTeX
(c:/Users/mwhey/AppData/Roaming/TinyTeX/texmf-dist/tex/latex/base/ts1enc.def
File: ts1enc.def 2001/06/05 v3.0e (jk/car/fm) Standard LaTeX file
LaTeX Font Info:    Redeclaring font encoding TS1 on input line 47.
))
\g__um_fam_int=\count268
\g__um_fonts_used_int=\count269
\l__um_primecount_int=\count270
\g__um_primekern_muskip=\muskip17

(c:/Users/mwhey/AppData/Roaming/TinyTeX/texmf-dist/tex/latex/unicode-math/unico
de-math-table.tex)))
(c:/Users/mwhey/AppData/Roaming/TinyTeX/texmf-dist/tex/latex/upquote/upquote.st
y
Package: upquote 2012/04/19 v1.3 upright-quote and grave-accent glyphs in verba
tim
(c:/Users/mwhey/AppData/Roaming/TinyTeX/texmf-dist/tex/latex/base/textcomp.sty
Package: textcomp 2020/02/02 v2.0n Standard LaTeX package
)) (c:/Users/mwhey/AppData/Roaming/TinyTeX/texmf-dist/tex/latex/xcolor/xcolor.s
ty
Package: xcolor 2016/05/11 v2.12 LaTeX color extensions (UK)

(c:/Users/mwhey/AppData/Roaming/TinyTeX/texmf-dist/tex/latex/graphics-cfg/color
.cfg
File: color.cfg 2016/01/02 v1.6 sample color configuration
)
Package xcolor Info: Driver file: xetex.def on input line 225.

(c:/Users/mwhey/AppData/Roaming/TinyTeX/texmf-dist/tex/latex/graphics-def/xetex
.def
File: xetex.def 2017/06/24 v5.0h Graphics/color driver for xetex
)
Package xcolor Info: Model `cmy' substituted by `cmy0' on input line 1348.
Package xcolor Info: Model `RGB' extended on input line 1364.
Package xcolor Info: Model `HTML' substituted by `rgb' on input line 1366.
Package xcolor Info: Model `Hsb' substituted by `hsb' on input line 1367.
Package xcolor Info: Model `tHsb' substituted by `hsb' on input line 1368.
Package xcolor Info: Model `HSB' substituted by `hsb' on input line 1369.
Package xcolor Info: Model `Gray' substituted by `gray' on input line 1370.
Package xcolor Info: Model `wave' substituted by `hsb' on input line 1371.
)
(c:/Users/mwhey/AppData/Roaming/TinyTeX/texmf-dist/tex/latex/hyperref/hyperref.
sty
Package: hyperref 2020/01/14 v7.00d Hypertext links for LaTeX

(c:/Users/mwhey/AppData/Roaming/TinyTeX/texmf-dist/tex/generic/ltxcmds/ltxcmds.
sty
Package: ltxcmds 2019/12/15 v1.24 LaTeX kernel commands for general use (HO)
)
(c:/Users/mwhey/AppData/Roaming/TinyTeX/texmf-dist/tex/latex/pdftexcmds/pdftexc
mds.sty
Package: pdftexcmds 2019/11/24 v0.31 Utility functions of pdfTeX for LuaTeX (HO
)

(c:/Users/mwhey/AppData/Roaming/TinyTeX/texmf-dist/tex/generic/infwarerr/infwar
err.sty
Package: infwarerr 2019/12/03 v1.5 Providing info/warning/error messages (HO)
)
Package pdftexcmds Info: \pdf@primitive is available.
Package pdftexcmds Info: \pdf@ifprimitive is available.
Package pdftexcmds Info: \pdfdraftmode not found.
)
(c:/Users/mwhey/AppData/Roaming/TinyTeX/texmf-dist/tex/latex/graphics/keyval.st
y
Package: keyval 2014/10/28 v1.15 key=value parser (DPC)
\KV@toks@=\toks21
)
(c:/Users/mwhey/AppData/Roaming/TinyTeX/texmf-dist/tex/generic/kvsetkeys/kvsetk
eys.sty
Package: kvsetkeys 2019/12/15 v1.18 Key value parser (HO)
)
(c:/Users/mwhey/AppData/Roaming/TinyTeX/texmf-dist/tex/generic/kvdefinekeys/kvd
efinekeys.sty
Package: kvdefinekeys 2019-12-19 v1.6 Define keys (HO)
)
(c:/Users/mwhey/AppData/Roaming/TinyTeX/texmf-dist/tex/generic/pdfescape/pdfesc
ape.sty
Package: pdfescape 2019/12/09 v1.15 Implements pdfTeX's escape features (HO)
)
(c:/Users/mwhey/AppData/Roaming/TinyTeX/texmf-dist/tex/latex/hycolor/hycolor.st
y
Package: hycolor 2020-01-27 v1.10 Color options for hyperref/bookmark (HO)
)
(c:/Users/mwhey/AppData/Roaming/TinyTeX/texmf-dist/tex/latex/letltxmacro/letltx
macro.sty
Package: letltxmacro 2019/12/03 v1.6 Let assignment for LaTeX macros (HO)
)
(c:/Users/mwhey/AppData/Roaming/TinyTeX/texmf-dist/tex/latex/auxhook/auxhook.st
y
Package: auxhook 2019-12-17 v1.6 Hooks for auxiliary files (HO)
)
(c:/Users/mwhey/AppData/Roaming/TinyTeX/texmf-dist/tex/latex/kvoptions/kvoption
s.sty
Package: kvoptions 2019/11/29 v3.13 Key value format for package options (HO)
)
\@linkdim=\dimen147
\Hy@linkcounter=\count271
\Hy@pagecounter=\count272

(c:/Users/mwhey/AppData/Roaming/TinyTeX/texmf-dist/tex/latex/hyperref/pd1enc.de
f
File: pd1enc.def 2020/01/14 v7.00d Hyperref: PDFDocEncoding definition (HO)
)
(c:/Users/mwhey/AppData/Roaming/TinyTeX/texmf-dist/tex/generic/intcalc/intcalc.
sty
Package: intcalc 2019/12/15 v1.3 Expandable calculations with integers (HO)
)
(c:/Users/mwhey/AppData/Roaming/TinyTeX/texmf-dist/tex/generic/etexcmds/etexcmd
s.sty
Package: etexcmds 2019/12/15 v1.7 Avoid name clashes with e-TeX commands (HO)
)
\Hy@SavedSpaceFactor=\count273
Package hyperref Info: Option `unicode' set `true' on input line 4421.

(c:/Users/mwhey/AppData/Roaming/TinyTeX/texmf-dist/tex/latex/hyperref/puenc.def
File: puenc.def 2020/01/14 v7.00d Hyperref: PDF Unicode definition (HO)
)
Package hyperref Info: Hyper figures OFF on input line 4547.
Package hyperref Info: Link nesting OFF on input line 4552.
Package hyperref Info: Hyper index ON on input line 4555.
Package hyperref Info: Plain pages OFF on input line 4562.
Package hyperref Info: Backreferencing OFF on input line 4567.
Package hyperref Info: Implicit mode ON; LaTeX internals redefined.
Package hyperref Info: Bookmarks ON on input line 4800.
\c@Hy@tempcnt=\count274
(c:/Users/mwhey/AppData/Roaming/TinyTeX/texmf-dist/tex/latex/url/url.sty
\Urlmuskip=\muskip18
Package: url 2013/09/16  ver 3.4  Verb mode for urls, etc.
)
LaTeX Info: Redefining \url on input line 5159.
\XeTeXLinkMargin=\dimen148

(c:/Users/mwhey/AppData/Roaming/TinyTeX/texmf-dist/tex/generic/bitset/bitset.st
y
Package: bitset 2019/12/09 v1.3 Handle bit-vector datatype (HO)

(c:/Users/mwhey/AppData/Roaming/TinyTeX/texmf-dist/tex/generic/bigintcalc/bigin
tcalc.sty
Package: bigintcalc 2019/12/15 v1.5 Expandable calculations on big integers (HO
)
))
\Fld@menulength=\count275
\Field@Width=\dimen149
\Fld@charsize=\dimen150
Package hyperref Info: Hyper figures OFF on input line 6430.
Package hyperref Info: Link nesting OFF on input line 6435.
Package hyperref Info: Hyper index ON on input line 6438.
Package hyperref Info: backreferencing OFF on input line 6445.
Package hyperref Info: Link coloring OFF on input line 6450.
Package hyperref Info: Link coloring with OCG OFF on input line 6455.
Package hyperref Info: PDF/A mode OFF on input line 6460.
LaTeX Info: Redefining \ref on input line 6500.
LaTeX Info: Redefining \pageref on input line 6504.

(c:/Users/mwhey/AppData/Roaming/TinyTeX/texmf-dist/tex/generic/atbegshi/atbegsh
i.sty
Package: atbegshi 2019/12/05 v1.19 At begin shipout hook (HO)
)
\Hy@abspage=\count276
\c@Item=\count277
\c@Hfootnote=\count278
)
Package hyperref Info: Driver (autodetected): hxetex.

(c:/Users/mwhey/AppData/Roaming/TinyTeX/texmf-dist/tex/latex/hyperref/hxetex.de
f
File: hxetex.def 2020/01/14 v7.00d Hyperref driver for XeTeX

(c:/Users/mwhey/AppData/Roaming/TinyTeX/texmf-dist/tex/generic/stringenc/string
enc.sty
Package: stringenc 2019/11/29 v1.12 Convert strings between diff. encodings (HO
)
)
\pdfm@box=\box48
\c@Hy@AnnotLevel=\count279
\HyField@AnnotCount=\count280
\Fld@listcount=\count281
\c@bookmark@seq@number=\count282

(c:/Users/mwhey/AppData/Roaming/TinyTeX/texmf-dist/tex/latex/rerunfilecheck/rer
unfilecheck.sty
Package: rerunfilecheck 2019/12/05 v1.9 Rerun checks for auxiliary files (HO)

(c:/Users/mwhey/AppData/Roaming/TinyTeX/texmf-dist/tex/latex/atveryend/atveryen
d.sty
Package: atveryend 2019-12-11 v1.11 Hooks at the very end of document (HO)
Package atveryend Info: \enddocument detected (standard20110627).
)
(c:/Users/mwhey/AppData/Roaming/TinyTeX/texmf-dist/tex/generic/uniquecounter/un
iquecounter.sty
Package: uniquecounter 2019/12/15 v1.4 Provide unlimited unique counter (HO)
)
Package uniquecounter Info: New unique counter `rerunfilecheck' on input line 2
86.
)
\Hy@SectionHShift=\skip52
)
(c:/Users/mwhey/AppData/Roaming/TinyTeX/texmf-dist/tex/latex/geometry/geometry.
sty
Package: geometry 2020/01/02 v5.9 Page Geometry

(c:/Users/mwhey/AppData/Roaming/TinyTeX/texmf-dist/tex/generic/iftex/ifvtex.sty
Package: ifvtex 2019/10/25 v1.7 ifvtex legacy package. Use iftex instead.
)
\Gm@cnth=\count283
\Gm@cntv=\count284
\c@Gm@tempcnt=\count285
\Gm@bindingoffset=\dimen151
\Gm@wd@mp=\dimen152
\Gm@odd@mp=\dimen153
\Gm@even@mp=\dimen154
\Gm@layoutwidth=\dimen155
\Gm@layoutheight=\dimen156
\Gm@layouthoffset=\dimen157
\Gm@layoutvoffset=\dimen158
\Gm@dimlist=\toks22
)
(c:/Users/mwhey/AppData/Roaming/TinyTeX/texmf-dist/tex/latex/fancyvrb/fancyvrb.
sty
Package: fancyvrb 2020/01/13 v3.5 verbatim text (tvz,hv)
\FV@CodeLineNo=\count286
\FV@InFile=\read2
\FV@TabBox=\box49
\c@FancyVerbLine=\count287
\FV@StepNumber=\count288
\FV@OutFile=\write3
) (c:/Users/mwhey/AppData/Roaming/TinyTeX/texmf-dist/tex/latex/framed/framed.st
y
Package: framed 2011/10/22 v 0.96: framed or shaded text with page breaks
\OuterFrameSep=\skip53
\fb@frw=\dimen159
\fb@frh=\dimen160
\FrameRule=\dimen161
\FrameSep=\dimen162
)
(c:/Users/mwhey/AppData/Roaming/TinyTeX/texmf-dist/tex/latex/tools/longtable.st
y
Package: longtable 2020/01/07 v4.13 Multi-page Table package (DPC)
\LTleft=\skip54
\LTright=\skip55
\LTpre=\skip56
\LTpost=\skip57
\LTchunksize=\count289
\LTcapwidth=\dimen163
\LT@head=\box50
\LT@firsthead=\box51
\LT@foot=\box52
\LT@lastfoot=\box53
\LT@cols=\count290
\LT@rows=\count291
\c@LT@tables=\count292
\c@LT@chunks=\count293
\LT@p@ftn=\toks23
)
(c:/Users/mwhey/AppData/Roaming/TinyTeX/texmf-dist/tex/latex/booktabs/booktabs.
sty
Package: booktabs 2020/01/12 v1.61803398 Publication quality tables
\heavyrulewidth=\dimen164
\lightrulewidth=\dimen165
\cmidrulewidth=\dimen166
\belowrulesep=\dimen167
\belowbottomsep=\dimen168
\aboverulesep=\dimen169
\abovetopsep=\dimen170
\cmidrulesep=\dimen171
\cmidrulekern=\dimen172
\defaultaddspace=\dimen173
\@cmidla=\count294
\@cmidlb=\count295
\@aboverulesep=\dimen174
\@belowrulesep=\dimen175
\@thisruleclass=\count296
\@lastruleclass=\count297
\@thisrulewidth=\dimen176
)
(c:/Users/mwhey/AppData/Roaming/TinyTeX/texmf-dist/tex/latex/etoolbox/etoolbox.
sty
Package: etoolbox 2019/09/21 v2.5h e-TeX tools for LaTeX (JAW)
\etb@tempcnta=\count298
)
(c:/Users/mwhey/AppData/Roaming/TinyTeX/texmf-dist/tex/latex/mdwtools/footnote.
sty
Package: footnote 1997/01/28 1.13 Save footnotes around boxes
\fn@notes=\box54
\fn@width=\dimen177
)
(c:/Users/mwhey/AppData/Roaming/TinyTeX/texmf-dist/tex/latex/graphics/graphicx.
sty
Package: graphicx 2019/11/30 v1.2a Enhanced LaTeX Graphics (DPC,SPQR)

(c:/Users/mwhey/AppData/Roaming/TinyTeX/texmf-dist/tex/latex/graphics/graphics.
sty
Package: graphics 2019/11/30 v1.4a Standard LaTeX Graphics (DPC,SPQR)
(c:/Users/mwhey/AppData/Roaming/TinyTeX/texmf-dist/tex/latex/graphics/trig.sty
Package: trig 2016/01/03 v1.10 sin cos tan (DPC)
)
(c:/Users/mwhey/AppData/Roaming/TinyTeX/texmf-dist/tex/latex/graphics-cfg/graph
ics.cfg
File: graphics.cfg 2016/06/04 v1.11 sample graphics configuration
)
Package graphics Info: Driver file: xetex.def on input line 105.
)
\Gin@req@height=\dimen178
\Gin@req@width=\dimen179
)
(c:/Users/mwhey/AppData/Roaming/TinyTeX/texmf-dist/tex/latex/grffile/grffile.st
y
Package: grffile 2019/11/11 v2.1 Extended file name support for graphics (legac
y)
Package grffile Info: This package is an empty stub for compatibility on input 
line 40.
) (c:/Users/mwhey/AppData/Roaming/TinyTeX/texmf-dist/tex/latex/tools/array.sty
Package: array 2019/08/31 v2.4l Tabular extension package (FMi)
\col@sep=\dimen180
\ar@mcellbox=\box55
\extrarowheight=\dimen181
\NC@list=\toks24
\extratabsurround=\skip58
\backup@length=\skip59
\ar@cellbox=\box56
)
(c:/Users/mwhey/AppData/Roaming/TinyTeX/texmf-dist/tex/latex/multirow/multirow.
sty
Package: multirow 2019/05/31 v2.5 Span multiple rows of a table
\multirow@colwidth=\skip60
\multirow@cntb=\count299
\multirow@dima=\skip61
\bigstrutjot=\dimen182
)
(c:/Users/mwhey/AppData/Roaming/TinyTeX/texmf-dist/tex/latex/wrapfig/wrapfig.st
y
\wrapoverhang=\dimen183
\WF@size=\dimen184
\c@WF@wrappedlines=\count300
\WF@box=\box57
\WF@everypar=\toks25
Package: wrapfig 2003/01/31  v 3.6
) (c:/Users/mwhey/AppData/Roaming/TinyTeX/texmf-dist/tex/latex/float/float.sty
Package: float 2001/11/08 v1.3d Float enhancements (AL)
\c@float@type=\count301
\float@exts=\toks26
\float@box=\box58
\@float@everytoks=\toks27
\@floatcapt=\box59
)
(c:/Users/mwhey/AppData/Roaming/TinyTeX/texmf-dist/tex/latex/colortbl/colortbl.
sty
Package: colortbl 2020/01/04 v1.0e Color table columns (DPC)
\everycr=\toks28
\minrowclearance=\skip62
)
(c:/Users/mwhey/AppData/Roaming/TinyTeX/texmf-dist/tex/latex/pdflscape/pdflscap
e.sty
Package: pdflscape 2019/12/05 v0.12 Display of landscape pages in PDF (HO)

(c:/Users/mwhey/AppData/Roaming/TinyTeX/texmf-dist/tex/latex/graphics/lscape.st
y
Package: lscape 2000/10/22 v3.01 Landscape Pages (DPC)
)
Package pdflscape Info: Auto-detected driver: dvipdfm (xetex) on input line 98.

) (c:/Users/mwhey/AppData/Roaming/TinyTeX/texmf-dist/tex/latex/tabu/tabu.sty
Package: tabu 2019/01/11 v2.9 - flexible LaTeX tabulars (FC+tabu-fixed)

(c:/Users/mwhey/AppData/Roaming/TinyTeX/texmf-dist/tex/latex/varwidth/varwidth.
sty
Package: varwidth 2009/03/30 ver 0.92;  Variable-width minipages
\@vwid@box=\box60
\sift@deathcycles=\count302
\@vwid@loff=\dimen185
\@vwid@roff=\dimen186
)
\c@taburow=\count303
\tabu@nbcols=\count304
\tabu@cnt=\count305
\tabu@Xcol=\count306
\tabu@alloc=\count307
\tabu@nested=\count308
\tabu@target=\dimen187
\tabu@spreadtarget=\dimen188
\tabu@naturalX=\dimen189
\tabucolX=\dimen190
\tabu@Xsum=\dimen191
\extrarowdepth=\dimen192
\abovetabulinesep=\dimen193
\belowtabulinesep=\dimen194
\tabustrutrule=\dimen195
\tabu@thebody=\toks29
\tabu@footnotes=\toks30
\tabu@box=\box61
\tabu@arstrutbox=\box62
\tabu@hleads=\box63
\tabu@vleads=\box64
\tabu@cellskip=\skip63
)
(c:/Users/mwhey/AppData/Roaming/TinyTeX/texmf-dist/tex/latex/threeparttable/thr
eeparttable.sty
Package: threeparttable 2003/06/13  v 3.0
\@tempboxb=\box65
)
(c:/Users/mwhey/AppData/Roaming/TinyTeX/texmf-dist/tex/latex/threeparttablex/th
reeparttablex.sty
Package: threeparttablex 2013/07/23 v0.3 by daleif

(c:/Users/mwhey/AppData/Roaming/TinyTeX/texmf-dist/tex/latex/environ/environ.st
y
Package: environ 2014/05/04 v0.3 A new way to define environments

(c:/Users/mwhey/AppData/Roaming/TinyTeX/texmf-dist/tex/latex/trimspaces/trimspa
ces.sty
Package: trimspaces 2009/09/17 v1.1 Trim spaces around a token list
))
\TPTL@width=\skip64
) (c:/Users/mwhey/AppData/Roaming/TinyTeX/texmf-dist/tex/generic/ulem/ulem.sty
\UL@box=\box66
\UL@hyphenbox=\box67
\UL@skip=\skip65
\UL@hook=\toks31
\UL@height=\dimen196
\UL@pe=\count309
\UL@pixel=\dimen197
\ULC@box=\box68
Package: ulem 2019/11/18
\ULdepth=\dimen198
)
(c:/Users/mwhey/AppData/Roaming/TinyTeX/texmf-dist/tex/latex/makecell/makecell.
sty
Package: makecell 2009/08/03 V0.1e Managing of Tab Column Heads and Cells
\rotheadsize=\dimen199
\c@nlinenum=\count310
\TeXr@lab=\toks32
) (c:/Users/mwhey/AppData/Roaming/TinyTeX/texmf-dist/tex/latex/natbib/natbib.st
y
Package: natbib 2010/09/13 8.31b (PWD, AO)
\bibhang=\skip66
\bibsep=\skip67
LaTeX Info: Redefining \cite on input line 694.
\c@NAT@ctr=\count311
)
No file Book_MI.aux.
\openout1 = `Book_MI.aux'.

LaTeX Font Info:    Checking defaults for OML/cmm/m/it on input line 129.
LaTeX Font Info:    ... okay on input line 129.
LaTeX Font Info:    Checking defaults for OMS/cmsy/m/n on input line 129.
LaTeX Font Info:    ... okay on input line 129.
LaTeX Font Info:    Checking defaults for OT1/cmr/m/n on input line 129.
LaTeX Font Info:    ... okay on input line 129.
LaTeX Font Info:    Checking defaults for T1/cmr/m/n on input line 129.
LaTeX Font Info:    ... okay on input line 129.
LaTeX Font Info:    Checking defaults for TS1/cmr/m/n on input line 129.
LaTeX Font Info:    ... okay on input line 129.
LaTeX Font Info:    Checking defaults for TU/lmr/m/n on input line 129.
LaTeX Font Info:    ... okay on input line 129.
LaTeX Font Info:    Checking defaults for OMX/cmex/m/n on input line 129.
LaTeX Font Info:    ... okay on input line 129.
LaTeX Font Info:    Checking defaults for U/cmr/m/n on input line 129.
LaTeX Font Info:    ... okay on input line 129.
LaTeX Font Info:    Checking defaults for PD1/pdf/m/n on input line 129.
LaTeX Font Info:    ... okay on input line 129.
LaTeX Font Info:    Checking defaults for PU/pdf/m/n on input line 129.
LaTeX Font Info:    ... okay on input line 129.
LaTeX Font Info:    Overwriting math alphabet `\mathrm' in version `normal'
(Font)                  OT1/lmr/m/n --> TU/lmr/m/n on input line 129.
LaTeX Font Info:    Overwriting math alphabet `\mathit' in version `normal'
(Font)                  OT1/lmr/m/it --> TU/lmr/m/it on input line 129.
LaTeX Font Info:    Overwriting math alphabet `\mathbf' in version `normal'
(Font)                  OT1/lmr/bx/n --> TU/lmr/bx/n on input line 129.
LaTeX Font Info:    Overwriting math alphabet `\mathsf' in version `normal'
(Font)                  OT1/lmss/m/n --> TU/lmss/m/n on input line 129.
LaTeX Font Info:    Overwriting math alphabet `\mathsf' in version `bold'
(Font)                  OT1/lmss/bx/n --> TU/lmss/bx/n on input line 129.
LaTeX Font Info:    Overwriting math alphabet `\mathtt' in version `normal'
(Font)                  OT1/lmtt/m/n --> TU/lmtt/m/n on input line 129.
LaTeX Font Info:    Overwriting math alphabet `\mathtt' in version `bold'
(Font)                  OT1/lmtt/m/n --> TU/lmtt/bx/n on input line 129.

Package fontspec Info: latinmodern-math scale = 0.9999964596882403.


Package fontspec Info: latinmodern-math scale = 0.9999964596882403.


Package fontspec Info: latinmodern-math scale = 0.9999964596882403.


Package fontspec Info: Font family 'latinmodern-math.otf(0)' created for font
(fontspec)             'latinmodern-math.otf' with options
(fontspec)             [Scale=MatchLowercase,BoldItalicFont={},ItalicFont={},Sm
allCapsFont={},Script=Math,BoldFont={latinmodern-math.otf}].
(fontspec)              
(fontspec)              This font family consists of the following NFSS
(fontspec)             series/shapes:
(fontspec)              
(fontspec)             - 'normal' (m/n) with NFSS spec.:
(fontspec)             <->s*[0.9999964596882403]"[latinmodern-math.otf]/OT:scri
pt=math;language=dflt;"
(fontspec)             - 'small caps'  (m/sc) with NFSS spec.: 
(fontspec)             - 'bold' (b/n) with NFSS spec.:
(fontspec)             <->s*[0.9999964596882403]"[latinmodern-math.otf]/OT:scri
pt=math;language=dflt;"
(fontspec)             - 'bold small caps'  (b/sc) with NFSS spec.: 

LaTeX Font Info:    Font shape `TU/latinmodern-math.otf(0)/m/n' will be
(Font)              scaled to size 10.0pt on input line 129.

Package fontspec Info: latinmodern-math scale = 0.9999964596882403.


Package fontspec Info: latinmodern-math scale = 0.9999964596882403.


Package fontspec Info: latinmodern-math scale = 0.9999964596882403.


Package fontspec Info: latinmodern-math scale = 0.9999964596882403.


Package fontspec Info: latinmodern-math scale = 0.9999964596882403.


Package fontspec Info: Font family 'latinmodern-math.otf(1)' created for font
(fontspec)             'latinmodern-math.otf' with options
(fontspec)             [Scale=MatchLowercase,BoldItalicFont={},ItalicFont={},Sm
allCapsFont={},Script=Math,SizeFeatures={{Size=8.5-},{Size=6-8.5,Font=latinmode
rn-math.otf,Style=MathScript},{Size=-6,Font=latinmodern-math.otf,Style=MathScri
ptScript}},BoldFont={latinmodern-math.otf}].
(fontspec)              
(fontspec)              This font family consists of the following NFSS
(fontspec)             series/shapes:
(fontspec)              
(fontspec)             - 'normal' (m/n) with NFSS spec.:
(fontspec)             <8.5->s*[0.9999964596882403]"[latinmodern-math.otf]/OT:s
cript=math;language=dflt;"<6-8.5>s*[0.9999964596882403]"[latinmodern-math.otf]/
OT:script=math;language=dflt;+ssty=0;"<-6>s*[0.9999964596882403]"[latinmodern-m
ath.otf]/OT:script=math;language=dflt;+ssty=1;"
(fontspec)             - 'small caps'  (m/sc) with NFSS spec.: 
(fontspec)             - 'bold' (b/n) with NFSS spec.:
(fontspec)             <->s*[0.9999964596882403]"[latinmodern-math.otf]/OT:scri
pt=math;language=dflt;"
(fontspec)             - 'bold small caps'  (b/sc) with NFSS spec.: 

LaTeX Font Info:    Font shape `TU/latinmodern-math.otf(1)/m/n' will be
(Font)              scaled to size 10.0pt on input line 129.
LaTeX Font Info:    Encoding `OT1' has changed to `TU' for symbol font
(Font)              `operators' in the math version `normal' on input line 129.

LaTeX Font Info:    Overwriting symbol font `operators' in version `normal'
(Font)                  OT1/lmr/m/n --> TU/latinmodern-math.otf(1)/m/n on input
 line 129.
LaTeX Font Info:    Encoding `OT1' has changed to `TU' for symbol font
(Font)              `operators' in the math version `bold' on input line 129.
LaTeX Font Info:    Overwriting symbol font `operators' in version `bold'
(Font)                  OT1/lmr/bx/n --> TU/latinmodern-math.otf(1)/b/n on inpu
t line 129.

Package fontspec Info: latinmodern-math scale = 0.9999964596882403.


Package fontspec Info: latinmodern-math scale = 1.000096459334209.


Package fontspec Info: latinmodern-math scale = 0.9999964596882403.


Package fontspec Info: latinmodern-math scale = 1.000096459334209.


Package fontspec Info: latinmodern-math scale = 0.9999964596882403.


Package fontspec Info: latinmodern-math scale = 1.000096459334209.


Package fontspec Info: latinmodern-math scale = 0.9999964596882403.


Package fontspec Info: latinmodern-math scale = 1.000096459334209.


Package fontspec Info: latinmodern-math scale = 0.9999964596882403.


Package fontspec Info: latinmodern-math scale = 1.000096459334209.


Package fontspec Info: Font family 'latinmodern-math.otf(2)' created for font
(fontspec)             'latinmodern-math.otf' with options
(fontspec)             [Scale=MatchLowercase,BoldItalicFont={},ItalicFont={},Sm
allCapsFont={},Script=Math,SizeFeatures={{Size=8.5-},{Size=6-8.5,Font=latinmode
rn-math.otf,Style=MathScript},{Size=-6,Font=latinmodern-math.otf,Style=MathScri
ptScript}},BoldFont={latinmodern-math.otf},ScaleAgain=1.0001,FontAdjustment={\f
ontdimen
(fontspec)             8\font =6.77pt\relax \fontdimen 9\font =3.94pt\relax
(fontspec)             \fontdimen 10\font =4.44pt\relax \fontdimen 11\font
(fontspec)             =6.86pt\relax \fontdimen 12\font =3.45pt\relax
(fontspec)             \fontdimen 13\font =3.63pt\relax \fontdimen 14\font
(fontspec)             =3.63pt\relax \fontdimen 15\font =2.89pt\relax
(fontspec)             \fontdimen 16\font =2.47pt\relax \fontdimen 17\font
(fontspec)             =2.47pt\relax \fontdimen 18\font =2.5pt\relax
(fontspec)             \fontdimen 19\font =2.0pt\relax \fontdimen 22\font
(fontspec)             =2.5pt\relax \fontdimen 20\font =0pt\relax \fontdimen
(fontspec)             21\font =0pt\relax }].
(fontspec)              
(fontspec)              This font family consists of the following NFSS
(fontspec)             series/shapes:
(fontspec)              
(fontspec)             - 'normal' (m/n) with NFSS spec.:
(fontspec)             <8.5->s*[1.000096459334209]"[latinmodern-math.otf]/OT:sc
ript=math;language=dflt;"<6-8.5>s*[1.000096459334209]"[latinmodern-math.otf]/OT
:script=math;language=dflt;+ssty=0;"<-6>s*[1.000096459334209]"[latinmodern-math
.otf]/OT:script=math;language=dflt;+ssty=1;"
(fontspec)             - 'small caps'  (m/sc) with NFSS spec.: 
(fontspec)             and font adjustment code:
(fontspec)             \fontdimen 8\font =6.77pt\relax \fontdimen 9\font
(fontspec)             =3.94pt\relax \fontdimen 10\font =4.44pt\relax
(fontspec)             \fontdimen 11\font =6.86pt\relax \fontdimen 12\font
(fontspec)             =3.45pt\relax \fontdimen 13\font =3.63pt\relax
(fontspec)             \fontdimen 14\font =3.63pt\relax \fontdimen 15\font
(fontspec)             =2.89pt\relax \fontdimen 16\font =2.47pt\relax
(fontspec)             \fontdimen 17\font =2.47pt\relax \fontdimen 18\font
(fontspec)             =2.5pt\relax \fontdimen 19\font =2.0pt\relax \fontdimen
(fontspec)             22\font =2.5pt\relax \fontdimen 20\font =0pt\relax
(fontspec)             \fontdimen 21\font =0pt\relax 
(fontspec)             - 'bold' (b/n) with NFSS spec.:
(fontspec)             <->s*[1.000096459334209]"[latinmodern-math.otf]/OT:scrip
t=math;language=dflt;"
(fontspec)             - 'bold small caps'  (b/sc) with NFSS spec.: 
(fontspec)             and font adjustment code:
(fontspec)             \fontdimen 8\font =6.77pt\relax \fontdimen 9\font
(fontspec)             =3.94pt\relax \fontdimen 10\font =4.44pt\relax
(fontspec)             \fontdimen 11\font =6.86pt\relax \fontdimen 12\font
(fontspec)             =3.45pt\relax \fontdimen 13\font =3.63pt\relax
(fontspec)             \fontdimen 14\font =3.63pt\relax \fontdimen 15\font
(fontspec)             =2.89pt\relax \fontdimen 16\font =2.47pt\relax
(fontspec)             \fontdimen 17\font =2.47pt\relax \fontdimen 18\font
(fontspec)             =2.5pt\relax \fontdimen 19\font =2.0pt\relax \fontdimen
(fontspec)             22\font =2.5pt\relax \fontdimen 20\font =0pt\relax
(fontspec)             \fontdimen 21\font =0pt\relax 

LaTeX Font Info:    Encoding `OMS' has changed to `TU' for symbol font
(Font)              `symbols' in the math version `normal' on input line 129.
LaTeX Font Info:    Overwriting symbol font `symbols' in version `normal'
(Font)                  OMS/lmsy/m/n --> TU/latinmodern-math.otf(2)/m/n on inpu
t line 129.
LaTeX Font Info:    Encoding `OMS' has changed to `TU' for symbol font
(Font)              `symbols' in the math version `bold' on input line 129.
LaTeX Font Info:    Overwriting symbol font `symbols' in version `bold'
(Font)                  OMS/lmsy/b/n --> TU/latinmodern-math.otf(2)/b/n on inpu
t line 129.

Package fontspec Info: latinmodern-math scale = 0.9999964596882403.


Package fontspec Info: latinmodern-math scale = 0.9998964600422715.


Package fontspec Info: latinmodern-math scale = 0.9999964596882403.


Package fontspec Info: latinmodern-math scale = 0.9998964600422715.


Package fontspec Info: latinmodern-math scale = 0.9999964596882403.


Package fontspec Info: latinmodern-math scale = 0.9998964600422715.


Package fontspec Info: latinmodern-math scale = 0.9999964596882403.


Package fontspec Info: latinmodern-math scale = 0.9998964600422715.


Package fontspec Info: latinmodern-math scale = 0.9999964596882403.


Package fontspec Info: latinmodern-math scale = 0.9998964600422715.


Package fontspec Info: Font family 'latinmodern-math.otf(3)' created for font
(fontspec)             'latinmodern-math.otf' with options
(fontspec)             [Scale=MatchLowercase,BoldItalicFont={},ItalicFont={},Sm
allCapsFont={},Script=Math,SizeFeatures={{Size=8.5-},{Size=6-8.5,Font=latinmode
rn-math.otf,Style=MathScript},{Size=-6,Font=latinmodern-math.otf,Style=MathScri
ptScript}},BoldFont={latinmodern-math.otf},ScaleAgain=0.9999,FontAdjustment={\f
ontdimen
(fontspec)             8\font =0.4pt\relax \fontdimen 9\font =2.0pt\relax
(fontspec)             \fontdimen 10\font =1.67pt\relax \fontdimen 11\font
(fontspec)             =1.11pt\relax \fontdimen 12\font =6.0pt\relax
(fontspec)             \fontdimen 13\font =0pt\relax }].
(fontspec)              
(fontspec)              This font family consists of the following NFSS
(fontspec)             series/shapes:
(fontspec)              
(fontspec)             - 'normal' (m/n) with NFSS spec.:
(fontspec)             <8.5->s*[0.9998964600422715]"[latinmodern-math.otf]/OT:s
cript=math;language=dflt;"<6-8.5>s*[0.9998964600422715]"[latinmodern-math.otf]/
OT:script=math;language=dflt;+ssty=0;"<-6>s*[0.9998964600422715]"[latinmodern-m
ath.otf]/OT:script=math;language=dflt;+ssty=1;"
(fontspec)             - 'small caps'  (m/sc) with NFSS spec.: 
(fontspec)             and font adjustment code:
(fontspec)             \fontdimen 8\font =0.4pt\relax \fontdimen 9\font
(fontspec)             =2.0pt\relax \fontdimen 10\font =1.67pt\relax
(fontspec)             \fontdimen 11\font =1.11pt\relax \fontdimen 12\font
(fontspec)             =6.0pt\relax \fontdimen 13\font =0pt\relax 
(fontspec)             - 'bold' (b/n) with NFSS spec.:
(fontspec)             <->s*[0.9998964600422715]"[latinmodern-math.otf]/OT:scri
pt=math;language=dflt;"
(fontspec)             - 'bold small caps'  (b/sc) with NFSS spec.: 
(fontspec)             and font adjustment code:
(fontspec)             \fontdimen 8\font =0.4pt\relax \fontdimen 9\font
(fontspec)             =2.0pt\relax \fontdimen 10\font =1.67pt\relax
(fontspec)             \fontdimen 11\font =1.11pt\relax \fontdimen 12\font
(fontspec)             =6.0pt\relax \fontdimen 13\font =0pt\relax 

LaTeX Font Info:    Encoding `OMX' has changed to `TU' for symbol font
(Font)              `largesymbols' in the math version `normal' on input line 1
29.
LaTeX Font Info:    Overwriting symbol font `largesymbols' in version `normal'
(Font)                  OMX/lmex/m/n --> TU/latinmodern-math.otf(3)/m/n on inpu
t line 129.
LaTeX Font Info:    Encoding `OMX' has changed to `TU' for symbol font
(Font)              `largesymbols' in the math version `bold' on input line 129
.
LaTeX Font Info:    Overwriting symbol font `largesymbols' in version `bold'
(Font)                  OMX/lmex/m/n --> TU/latinmodern-math.otf(3)/b/n on inpu
t line 129.
\AtBeginShipoutBox=\box69
Package hyperref Info: Link coloring OFF on input line 129.

(c:/Users/mwhey/AppData/Roaming/TinyTeX/texmf-dist/tex/latex/hyperref/nameref.s
ty
Package: nameref 2019/09/16 v2.46 Cross-referencing by name of section

(c:/Users/mwhey/AppData/Roaming/TinyTeX/texmf-dist/tex/latex/refcount/refcount.
sty
Package: refcount 2019/12/15 v3.6 Data extraction from label references (HO)
)
(c:/Users/mwhey/AppData/Roaming/TinyTeX/texmf-dist/tex/generic/gettitlestring/g
ettitlestring.sty
Package: gettitlestring 2019/12/15 v1.6 Cleanup title references (HO)
)
\c@section@level=\count312
)
LaTeX Info: Redefining \ref on input line 129.
LaTeX Info: Redefining \pageref on input line 129.
LaTeX Info: Redefining \nameref on input line 129.
\@outlinefile=\write4
\openout4 = `Book_MI.out'.


Package hyperref Warning: Rerun to get /PageLabels entry.

*geometry* driver: auto-detecting
*geometry* detected driver: xetex
*geometry* verbose mode - [ preamble ] result:
* driver: xetex
* paper: <default>
* layout: <same size as paper>
* layoutoffset:(h,v)=(0.0pt,0.0pt)
* modes: twoside 
* h-part:(L,W,R)=(72.26999pt, 469.75502pt, 72.26999pt)
* v-part:(T,H,B)=(72.26999pt, 650.43001pt, 72.26999pt)
* \paperwidth=614.295pt
* \paperheight=794.96999pt
* \textwidth=469.75502pt
* \textheight=650.43001pt
* \oddsidemargin=0.0pt
* \evensidemargin=0.0pt
* \topmargin=-30.06749pt
* \headheight=12.0pt
* \headsep=18.06749pt
* \topskip=10.0pt
* \footskip=25.29494pt
* \marginparwidth=125.0pt
* \marginparsep=7.0pt
* \columnsep=10.0pt
* \skip\footins=9.0pt plus 4.0pt minus 2.0pt
* \hoffset=0.0pt
* \voffset=0.0pt
* \mag=1000
* \@twocolumnfalse
* \@twosidetrue
* \@mparswitchtrue
* \@reversemarginfalse
* (1in=72.27pt=25.4mm, 1cm=28.453pt)

\tf@toc=\write5
\openout5 = `Book_MI.toc'.

[1


] [2

] [3] [4

]

Package natbib Warning: Citation `sterne2009multiple' on page 5 undefined on in
put line 147.


Package natbib Warning: Citation `little2012prevention' on page 5 undefined on 
input line 147.


Package natbib Warning: Citation `Li2015' on page 5 undefined on input line 147
.


Package natbib Warning: Citation `Liao2017' on page 5 undefined on input line 1
47.


Package natbib Warning: Citation `Stack2018' on page 5 undefined on input line 
147.

[5]
LaTeX Font Info:    Font shape `TU/lmtt/bx/n' in size <10> not available
(Font)              Font shape `TU/lmtt/b/n' tried instead on input line 180.

Package natbib Warning: Citation `R-bookdown' on page 6 undefined on input line
 195.


Package natbib Warning: Citation `R-rmarkdown' on page 6 undefined on input lin
e 195.

[6] [7

] [8]
Chapter 1.

LaTeX Warning: Reference `fig:fig2' on page 9 undefined on input line 208.

File: images/fig1.2.png Graphic file (type bmp)
<images/fig1.2.png>

LaTeX Warning: Reference `fig:fig3' on page 9 undefined on input line 219.

File: images/fig1.3.png Graphic file (type bmp)
<images/fig1.3.png>

LaTeX Warning: Reference `fig:fig4' on page 9 undefined on input line 235.

File: images/fig1.4.png Graphic file (type bmp)
<images/fig1.4.png>

LaTeX Warning: Reference `fig:fig5' on page 9 undefined on input line 249.

File: images/fig1.5.png Graphic file (type bmp)
<images/fig1.5.png>
[9

] [10]

LaTeX Warning: Reference `fig:fig6' on page 11 undefined on input line 269.

File: images/fig1.6.png Graphic file (type bmp)
<images/fig1.6.png>
[11] [12] [13]
File: images/fig1.18.png Graphic file (type bmp)
<images/fig1.18.png>

LaTeX Warning: Reference `fig:fig19' on page 14 undefined on input line 313.

File: images/fig1.19.png Graphic file (type bmp)
<images/fig1.19.png>

LaTeX Warning: Reference `fig:fig20' on page 14 undefined on input line 326.

File: images/fig1.20.png Graphic file (type bmp)
<images/fig1.20.png>

LaTeX Warning: Reference `fig:fig21' on page 14 undefined on input line 340.

File: images/fig1.21.png Graphic file (type bmp)
<images/fig1.21.png>

LaTeX Warning: Reference `fig:fig22' on page 14 undefined on input line 355.

File: images/fig1.22.png Graphic file (type bmp)
<images/fig1.22.png>

LaTeX Warning: Reference `fig:fig23' on page 14 undefined on input line 369.

[14] [15] [16] [17] [18]
File: images/fig1.23.png Graphic file (type bmp)
<images/fig1.23.png>

LaTeX Warning: Reference `fig:fig24' on page 19 undefined on input line 382.

File: images/fig1.24.png Graphic file (type bmp)
<images/fig1.24.png>
File: images/fig1.10.png Graphic file (type bmp)
<images/fig1.10.png>
[19] [20] [21] [22] [23] [24] [25] [26] [27]

LaTeX Warning: Reference `fig:fig11' on page 28 undefined on input line 943.

File: images/fig1.11.png Graphic file (type bmp)
<images/fig1.11.png>
[28]

LaTeX Warning: Reference `fig:fig12' on page 29 undefined on input line 965.

File: images/fig1.12.png Graphic file (type bmp)
<images/fig1.12.png>
[29] [30]
LaTeX Font Info:    Font shape `TU/latinmodern-math.otf(1)/m/n' will be
(Font)              scaled to size 7.0pt on input line 1104.
LaTeX Font Info:    Font shape `TU/latinmodern-math.otf(1)/m/n' will be
(Font)              scaled to size 5.0pt on input line 1104.
LaTeX Font Info:    Trying to load font information for OML+lmm on input line 1
104.
(c:/Users/mwhey/AppData/Roaming/TinyTeX/texmf-dist/tex/latex/lm/omllmm.fd
File: omllmm.fd 2009/10/30 v1.6 Font defs for Latin Modern
)
LaTeX Font Info:    Font shape `TU/latinmodern-math.otf(2)/m/n' will be
(Font)              scaled to size 10.00092pt on input line 1104.
LaTeX Font Info:    Font shape `TU/latinmodern-math.otf(2)/m/n' will be
(Font)              scaled to size 7.00064pt on input line 1104.
LaTeX Font Info:    Font shape `TU/latinmodern-math.otf(2)/m/n' will be
(Font)              scaled to size 5.00046pt on input line 1104.
LaTeX Font Info:    Font shape `TU/latinmodern-math.otf(3)/m/n' will be
(Font)              scaled to size 9.99893pt on input line 1104.
LaTeX Font Info:    Font shape `TU/latinmodern-math.otf(3)/m/n' will be
(Font)              scaled to size 6.99925pt on input line 1104.
LaTeX Font Info:    Font shape `TU/latinmodern-math.otf(3)/m/n' will be
(Font)              scaled to size 4.99947pt on input line 1104.
LaTeX Font Info:    Trying to load font information for U+msa on input line 110
4.
(c:/Users/mwhey/AppData/Roaming/TinyTeX/texmf-dist/tex/latex/amsfonts/umsa.fd
File: umsa.fd 2013/01/14 v3.01 AMS symbols A
)
LaTeX Font Info:    Trying to load font information for U+msb on input line 110
4.
(c:/Users/mwhey/AppData/Roaming/TinyTeX/texmf-dist/tex/latex/amsfonts/umsb.fd
File: umsb.fd 2013/01/14 v3.01 AMS symbols B
)

LaTeX Warning: Reference `fig:fig25' on page 31 undefined on input line 1116.


LaTeX Warning: Reference `fig:fig26' on page 31 undefined on input line 1116.

File: images/fig1.25a.png Graphic file (type bmp)
<images/fig1.25a.png>
File: images/fig1.25b.png Graphic file (type bmp)
<images/fig1.25b.png>

LaTeX Warning: Reference `fig:fig27' on page 31 undefined on input line 1138.


LaTeX Warning: Reference `fig:fig28' on page 31 undefined on input line 1138.

File: images/fig1.26a.png Graphic file (type bmp)
<images/fig1.26a.png>
File: images/fig1.26b.png Graphic file (type bmp)
<images/fig1.26b.png>
[31] [32] [33] [34] [35] [36

] [37] [38]
Chapter 2.

LaTeX Warning: Reference `fig:fig2-1' on page 39 undefined on input line 1236.

File: images/fig2.1.png Graphic file (type bmp)
<images/fig2.1.png>
[39

] [40]

LaTeX Warning: Reference `fig:fig2-4' on page 41 undefined on input line 1345.

File: images/fig2.4.png Graphic file (type bmp)
<images/fig2.4.png>

LaTeX Warning: Reference `fig:tab2-1' on page 41 undefined on input line 1356.


LaTeX Warning: Reference `fig:tab2-1' on page 41 undefined on input line 1358.

File: images/tab2.1a.png Graphic file (type bmp)
<images/tab2.1a.png>
File: images/tab2.1b.png Graphic file (type bmp)
<images/tab2.1b.png>
[41] [42] [43]
File: images/fig2.5.png Graphic file (type bmp)
<images/fig2.5.png>
File: images/fig2.6a.png Graphic file (type bmp)
<images/fig2.6a.png>
File: images/fig2.6b.png Graphic file (type bmp)
<images/fig2.6b.png>
File: images/fig2.6c.png Graphic file (type bmp)
<images/fig2.6c.png>
File: images/fig2.6d.png Graphic file (type bmp)
<images/fig2.6d.png>
[44] [45] [46] [47]
File: Book_MI_files/figure-latex/unnamed-chunk-50-1.pdf Graphic file (type pdf)

<use Book_MI_files/figure-latex/unnamed-chunk-50-1.pdf>
File: Book_MI_files/figure-latex/unnamed-chunk-51-1.pdf Graphic file (type pdf)

<use Book_MI_files/figure-latex/unnamed-chunk-51-1.pdf>

Underfull \vbox (badness 5359) has occurred while \output is active []

[48]

Package natbib Warning: Citation `Rubin1987' on page 49 undefined on input line
 1493.


LaTeX Warning: Reference `fig:fig2-8' on page 49 undefined on input line 1493.

File: images/fig2.8.png Graphic file (type bmp)
<images/fig2.8.png>
[49] [50]

Package natbib Warning: Citation `Rubin1976' on page 51 undefined on input line
 1509.

File: images/fig2.7.png Graphic file (type bmp)
<images/fig2.7.png>

LaTeX Warning: Reference `fig:fig2-7' on page 51 undefined on input line 1532.

Missing character: There is no ≤ in font [lmroman10-regular]:mapping=tex-text;!
Missing character: There is no ≤ in font [lmroman10-regular]:mapping=tex-text;!
[51]

LaTeX Warning: Reference `fig:fig2-7' on page 52 undefined on input line 1539.

Missing character: There is no ≤ in font [lmroman10-regular]:mapping=tex-text;!
[52]
Missing character: There is no ≤ in font [lmroman10-regular]:mapping=tex-text;!
Missing character: There is no ≤ in font [lmroman10-regular]:mapping=tex-text;!

Package natbib Warning: Citation `Collins2001' on page 53 undefined on input li
ne 1552.


Package natbib Warning: Citation `Baraldi2010' on page 53 undefined on input li
ne 1552.


Package natbib Warning: Citation `Little1988' on page 53 undefined on input lin
e 1559.

[53]
File: images/tab2.4.png Graphic file (type bmp)
<images/tab2.4.png>
File: images/fig2.11.png Graphic file (type bmp)
<images/fig2.11.png>
File: images/tab2.5.png Graphic file (type bmp)
<images/tab2.5.png>

LaTeX Warning: Reference `fig:tab2-5' on page 54 undefined on input line 1623.

[54] [55] [56]

LaTeX Warning: Reference `fig:tab2-8' on page 57 undefined on input line 1625.

File: images/Crosstabulation.png Graphic file (type bmp)
<images/Crosstabulation.png>

Package natbib Warning: Citation `Ridout1991' on page 57 undefined on input lin
e 1641.

File: images/tab2.6.png Graphic file (type bmp)
<images/tab2.6.png>
[57]
File: images/fig2.13.png Graphic file (type bmp)
<images/fig2.13.png>
File: images/fig2.14.png Graphic file (type bmp)
<images/fig2.14.png>
[58] [59] [60] [61] [62

]
Chapter 3.

Package natbib Warning: Citation `Eekhout2012' on page 63 undefined on input li
ne 1806.


Package natbib Warning: Citation `Eekhout2014' on page 63 undefined on input li
ne 1806.


Package natbib Warning: Citation `VanBuuren2018' on page 63 undefined on input 
line 1806.


Package natbib Warning: Citation `enders2010applied' on page 63 undefined on in
put line 1806.


LaTeX Warning: Reference `fig:fig3-1' on page 63 undefined on input line 1810.

File: images/fig3.2a.png Graphic file (type bmp)
<images/fig3.2a.png>

LaTeX Warning: Reference `fig:fig3-2' on page 63 undefined on input line 1821.

File: images/fig3.2b.png Graphic file (type bmp)
<images/fig3.2b.png>
[63] [64]

LaTeX Warning: Reference `fig:fig3-3' on page 65 undefined on input line 1865.

File: images/fig3.6.png Graphic file (type bmp)
<images/fig3.6.png>

LaTeX Warning: Reference `fig:fig3-7' on page 65 undefined on input line 1876.

File: images/fig3.7.png Graphic file (type bmp)
<images/fig3.7.png>

LaTeX Warning: Reference `fig:fig3-4' on page 65 undefined on input line 1887.

File: images/fig3.4.png Graphic file (type bmp)
<images/fig3.4.png>

LaTeX Warning: Reference `fig:fig3-8' on page 65 undefined on input line 1906.

File: images/fig3.8.png Graphic file (type bmp)
<images/fig3.8.png>
[65] [66]

Package natbib Warning: Citation `hippel2004' on page 67 undefined on input lin
e 1956.

[67]

LaTeX Warning: Reference `fig:fig3-10' on page 68 undefined on input line 1967.


File: images/fig3.10.png Graphic file (type bmp)
<images/fig3.10.png>

LaTeX Warning: Reference `fig:fig3-11' on page 68 undefined on input line 1979.


File: images/fig3.11.png Graphic file (type bmp)
<images/fig3.11.png>

LaTeX Warning: Reference `fig:fig3-12' on page 68 undefined on input line 1991.


File: images/fig3.12.png Graphic file (type bmp)
<images/fig3.12.png>

LaTeX Warning: Reference `fig:fig3-13' on page 68 undefined on input line 2003.


File: images/fig3.13.png Graphic file (type bmp)
<images/fig3.13.png>
[68] [69] [70]
File: images/fig3.14.png Graphic file (type bmp)
<images/fig3.14.png>
File: images/table3.3.png Graphic file (type bmp)
<images/table3.3.png>
File: images/fig3.15.png Graphic file (type bmp)
<images/fig3.15.png>

LaTeX Warning: Reference `fig:fig3-16' on page 71 undefined on input line 2062.


File: images/fig3.16.png Graphic file (type bmp)
<images/fig3.16.png>
[71] [72]

Package natbib Warning: Citation `hippel2004' on page 73 undefined on input lin
e 2131.

[73]

Package natbib Warning: Citation `box2007bayesianinferencein' on page 74 undefi
ned on input line 2167.


Package natbib Warning: Citation `enders2010applied' on page 74 undefined on in
put line 2167.


Package natbib Warning: Citation `gelman2014bayesian' on page 74 undefined on i
nput line 2167.


LaTeX Warning: Reference `fig:fig3-18' on page 74 undefined on input line 2182.


File: images/fig3.18.png Graphic file (type bmp)
<images/fig3.18.png>

LaTeX Warning: Reference `fig:fig3-19' on page 74 undefined on input line 2195.


File: images/fig3.19.png Graphic file (type bmp)
<images/fig3.19.png>

LaTeX Warning: Reference `fig:fig3-20' on page 74 undefined on input line 2208.


File: images/fig3.20.png Graphic file (type bmp)
<images/fig3.20.png>
File: images/fig3.21.png Graphic file (type bmp)
<images/fig3.21.png>
[74] [75] [76] [77] [78]
File: images/fig3.22.png Graphic file (type bmp)
<images/fig3.22.png>
File: images/fig3.23.png Graphic file (type bmp)
<images/fig3.23.png>

LaTeX Warning: Reference `fig:fig3-24' on page 79 undefined on input line 2256.


File: images/Fig3.24.png Graphic file (type bmp)
<images/Fig3.24.png>
[79] [80] [81] [82

] [83] [84]
Chapter 4.

LaTeX Warning: Reference `fig:fig4-1' on page 85 undefined on input line 2298.

File: images/fig4.1.png Graphic file (type bmp)
<images/fig4.1.png>

Package natbib Warning: Citation `VanBuuren2018' on page 85 undefined on input 
line 2314.


Underfull \vbox (badness 10000) has occurred while \output is active []

[85

]
File: images/fig4.6.png Graphic file (type bmp)
<images/fig4.6.png>

LaTeX Warning: Reference `fig:fig4-6' on page 86 undefined on input line 2341.

File: images/fig4.7.png Graphic file (type bmp)
<images/fig4.7.png>

LaTeX Warning: Reference `fig:fig4-7' on page 86 undefined on input line 2355.

File: images/fig4.8.png Graphic file (type bmp)
<images/fig4.8.png>

LaTeX Warning: Reference `fig:fig4-8' on page 86 undefined on input line 2369.

[86] [87] [88] [89]
File: images/fig4.9.png Graphic file (type bmp)
<images/fig4.9.png>

LaTeX Warning: Reference `fig:fig4-9' on page 90 undefined on input line 2384.

File: images/fig4.5.png Graphic file (type bmp)
<images/fig4.5.png>
[90] [91]

LaTeX Warning: Reference `fig:fig5-1' on page 92 undefined on input line 2419.

File: images/fig5.1.png Graphic file (type bmp)
<images/fig5.1.png>

LaTeX Warning: Reference `fig:fig5-2' on page 92 undefined on input line 2430.

File: images/fig5.2.png Graphic file (type bmp)
<images/fig5.2.png>

LaTeX Warning: Reference `fig:fig4-11' on page 92 undefined on input line 2445.


File: images/fig4.11.png Graphic file (type bmp)
<images/fig4.11.png>
[92] [93]
File: images/fig4.12.png Graphic file (type bmp)
<images/fig4.12.png>

LaTeX Warning: Reference `fig:tab4-4' on page 94 undefined on input line 2473.

File: images/tab4.4.png Graphic file (type bmp)
<images/tab4.4.png>

LaTeX Warning: Reference `fig:tab4-5' on page 94 undefined on input line 2484.

File: images/tab4.5.png Graphic file (type bmp)
<images/tab4.5.png>

LaTeX Warning: Reference `fig:tab4-6' on page 94 undefined on input line 2495.

File: images/tab4.6.png Graphic file (type bmp)
<images/tab4.6.png>
File: images/tab4.7.png Graphic file (type bmp)
<images/tab4.7.png>
File: images/tab4.8.png Graphic file (type bmp)
<images/tab4.8.png>
File: images/fig4.17.png Graphic file (type bmp)
<images/fig4.17.png>
File: images/fig4.13.png Graphic file (type bmp)
<images/fig4.13.png>
File: images/fig4.14.png Graphic file (type bmp)
<images/fig4.14.png>
[94] [95] [96] [97]
File: images/fig4.15.png Graphic file (type bmp)
<images/fig4.15.png>
File: images/fig4.18.png Graphic file (type bmp)
<images/fig4.18.png>
File: images/fig4.19.png Graphic file (type bmp)
<images/fig4.19.png>
[98] [99] [100] [101]
Underfull \vbox (badness 3281) has occurred while \output is active []

[102] [103] [104] [105]

Package natbib Warning: Citation `Collins2001' on page 106 undefined on input l
ine 2855.


Package natbib Warning: Citation `VanBuuren2018' on page 106 undefined on input
 line 2855.


Package natbib Warning: Citation `Rubin1976' on page 106 undefined on input lin
e 2855.

LaTeX Font Info:    Font shape `TU/lmtt/bx/n' in size <14.4> not available
(Font)              Font shape `TU/lmtt/b/n' tried instead on input line 2873.
[106] [107]
File: Book_MI_files/figure-latex/unnamed-chunk-76-1.pdf Graphic file (type pdf)

<use Book_MI_files/figure-latex/unnamed-chunk-76-1.pdf>

Underfull \vbox (badness 10000) has occurred while \output is active []

[108]
File: Book_MI_files/figure-latex/unnamed-chunk-77-1.pdf Graphic file (type pdf)

<use Book_MI_files/figure-latex/unnamed-chunk-77-1.pdf>

Underfull \vbox (badness 10000) has occurred while \output is active []

[109]

Package natbib Warning: Citation `Rubin1987' on page 110 undefined on input lin
e 3034.

[110] [111] [112]

LaTeX Warning: Reference `fig:fig4-25' on page 113 undefined on input line 3214
.

File: images/fig4.25.png Graphic file (type bmp)
<images/fig4.25.png>
[113] [114] [115]

Package natbib Warning: Citation `Rubin1987' on page 116 undefined on input lin
e 3332.


Package natbib Warning: Citation `VanBuuren2018' on page 116 undefined on input
 line 3338.


Package natbib Warning: Citation `Graham2007' on page 116 undefined on input li
ne 3347.


Package natbib Warning: Citation `Bodner2008' on page 116 undefined on input li
ne 3347.

Missing character: There is no ≥ in font [lmroman10-regular]:mapping=tex-text;!

Package natbib Warning: Citation `Bodner2008' on page 116 undefined on input li
ne 3347.


Package natbib Warning: Citation `White2011' on page 116 undefined on input lin
e 3347.


Package natbib Warning: Citation `VanBuuren2018' on page 116 undefined on input
 line 3350.

[116] [117] [118

] [119] [120]
Chapter 5.

LaTeX Warning: Reference `fig:fig5-3' on page 121 undefined on input line 3370.


File: images/fig5.3.png Graphic file (type bmp)
<images/fig5.3.png>

LaTeX Warning: Reference `fig:fig5-4b' on page 121 undefined on input line 3381
.

File: images/fig5.4b.png Graphic file (type bmp)
<images/fig5.4b.png>
[121

] [122]

LaTeX Warning: Reference `fig:tab5-3' on page 123 undefined on input line 3406.


File: images/table5.3.png Graphic file (type bmp)
<images/table5.3.png>
[123]

LaTeX Warning: Reference `fig:tab5-4' on page 124 undefined on input line 3484.


File: images/table5.4.png Graphic file (type bmp)
<images/table5.4.png>
[124] [125]

LaTeX Warning: Reference `fig:tab5-1a' on page 126 undefined on input line 3548
.

File: images/table5.1.png Graphic file (type bmp)
<images/table5.1.png>
File: images/table5.1b.png Graphic file (type bmp)
<images/table5.1b.png>
[126]

LaTeX Warning: Reference `fig:tab5-4' on page 127 undefined on input line 3607.



LaTeX Warning: Reference `fig:tab5-4' on page 127 undefined on input line 3609.


[127]

LaTeX Warning: Reference `fig:tab5-6' on page 128 undefined on input line 3675.


File: images/table5.6.png Graphic file (type bmp)
<images/table5.6.png>

LaTeX Warning: Float too large for page by 19.95691pt on input line 3684.


Package natbib Warning: Citation `Marshall2009MedResMeth' on page 128 undefined
 on input line 3689.


Package natbib Warning: Citation `enders2010applied' on page 128 undefined on i
nput line 3689.

[128] [129]

Package natbib Warning: Citation `enders2010applied' on page 130 undefined on i
nput line 3706.


Package natbib Warning: Citation `Allison2002' on page 130 undefined on input l
ine 3706.


LaTeX Warning: Reference `fig:tab5-7' on page 130 undefined on input line 3714.


File: images/table5.7.png Graphic file (type bmp)
<images/table5.7.png>
[130] [131]
File: images/table5.8.png Graphic file (type bmp)
<images/table5.8.png>
[132]
File: images/table5.9.png Graphic file (type bmp)
<images/table5.9.png>
[133] [134] [135]
File: images/fig5.5.png Graphic file (type bmp)
<images/fig5.5.png>
File: images/fig5.6.png Graphic file (type bmp)
<images/fig5.6.png>
File: images/table5.10.png Graphic file (type bmp)
<images/table5.10.png>
[136] [137] [138] [139] [140]
Chapter 6.

LaTeX Warning: Reference `fig:fig6-1' on page 141 undefined on input line 4211.


File: images/fig6.1_logistic.png Graphic file (type bmp)
<images/fig6.1_logistic.png>

Package natbib Warning: Citation `VanBuuren2018' on page 141 undefined on input
 line 4222.


Package natbib Warning: Citation `enders2010applied' on page 141 undefined on i
nput line 4222.


Package natbib Warning: Citation `Eekhout2017' on page 141 undefined on input l
ine 4222.


Package natbib Warning: Citation `Meng1992' on page 141 undefined on input line
 4222.


Package natbib Warning: Citation `Mistler2013' on page 141 undefined on input l
ine 4222.


Package natbib Warning: Citation `Marshall2009MedResMeth' on page 141 undefined
 on input line 4222.


Package natbib Warning: Citation `Eekhout2017' on page 141 undefined on input l
ine 4222.

[141

] [142] [143]

Package natbib Warning: Citation `Marshall2009MedResMeth' on page 144 undefined
 on input line 4345.

[144]

Package natbib Warning: Citation `Moons2015' on page 145 undefined on input lin
e 4418.


Package natbib Warning: Citation `Wood2008' on page 145 undefined on input line
 4418.

[145] [146]
Underfull \vbox (badness 10000) has occurred while \output is active []

[147]
Underfull \vbox (badness 10000) has occurred while \output is active []

[148] [149] [150] [151]
Underfull \vbox (badness 10000) has occurred while \output is active []

[152]
Underfull \vbox (badness 10000) has occurred while \output is active []

[153] [154]

Package natbib Warning: Citation `Bartlett2015' on page 155 undefined on input 
line 5029.


Underfull \vbox (badness 10000) has occurred while \output is active []

[155]
File: images/fig6.2.png Graphic file (type bmp)
<images/fig6.2.png>
[156] [157] [158] [159

] [160] [161] [162

]
Chapter 7.

Package natbib Warning: Citation `twisk2006appliedmultilevelanalysis' on page 1
63 undefined on input line 5105.


Package natbib Warning: Citation `hox2018multilevelanalysis' on page 163 undefi
ned on input line 5105.


LaTeX Warning: Reference `fig:fig71' on page 163 undefined on input line 5107.

File: images/fig7.1.png Graphic file (type bmp)
<images/fig7.1.png>
[163]

Package natbib Warning: Citation `hox2018multilevelanalysis' on page 164 undefi
ned on input line 5125.


LaTeX Warning: Reference `fig:fig72' on page 164 undefined on input line 5132.


LaTeX Warning: Reference `fig:fig73' on page 164 undefined on input line 5132.

File: images/fig7.2_2.jpg Graphic file (type bmp)
<images/fig7.2_2.jpg>
File: images/fig7.4.png Graphic file (type bmp)
<images/fig7.4.png>
[164] [165]

LaTeX Warning: Reference `fig:fig74' on page 166 undefined on input line 5169.

File: images/fig7.2.png Graphic file (type bmp)
<images/fig7.2.png>

LaTeX Warning: Reference `fig:fig75' on page 166 undefined on input line 5180.

File: images/fig7.3.png Graphic file (type bmp)
<images/fig7.3.png>

LaTeX Warning: Reference `fig:fig76' on page 166 undefined on input line 5194.

[166]
File: images/fig7.6.png Graphic file (type bmp)
<images/fig7.6.png>

LaTeX Warning: Reference `fig:fig77' on page 167 undefined on input line 5208.

File: images/fig7.7.png Graphic file (type bmp)
<images/fig7.7.png>

LaTeX Warning: Reference `fig:fig78' on page 167 undefined on input line 5220.

File: images/fig7.8.png Graphic file (type bmp)
<images/fig7.8.png>

LaTeX Warning: Reference `fig:fig79' on page 167 undefined on input line 5232.

[167] [168] [169]
File: images/fig7.9.png Graphic file (type bmp)
<images/fig7.9.png>

LaTeX Warning: Reference `fig:fig80' on page 170 undefined on input line 5244.

File: images/fig7.10.png Graphic file (type bmp)
<images/fig7.10.png>

LaTeX Warning: Reference `fig:fig81' on page 170 undefined on input line 5256.

File: images/fig7.11.png Graphic file (type bmp)
<images/fig7.11.png>

LaTeX Warning: Reference `fig:fig82' on page 170 undefined on input line 5268.

[170] [171] [172]
File: images/fig7.12.png Graphic file (type bmp)
<images/fig7.12.png>

LaTeX Warning: Reference `fig:fig83' on page 173 undefined on input line 5279.

File: images/fig7.13.png Graphic file (type bmp)
<images/fig7.13.png>

LaTeX Warning: Reference `fig:fig84' on page 173 undefined on input line 5290.

File: images/fig7.14.png Graphic file (type bmp)
<images/fig7.14.png>
[173] [174] [175] [176]

LaTeX Warning: Reference `fig:fig85' on page 177 undefined on input line 5407.

File: images/fig7.20.png Graphic file (type bmp)
<images/fig7.20.png>
[177] [178]
! Extra alignment tab has been changed to \cr.
<recently read> \endtemplate 
                             
l.5490 \textbf{random effects model.} &
                                        NA & \cellcolor{white}{NA} & NA & NA...
 
Here is how much of TeX's memory you used:
 20528 strings out of 481765
 356884 string characters out of 5934543
 761677 words of memory out of 5000000
 37083 multiletter control sequences out of 15000+600000
 536053 words of font info for 66 fonts, out of 8000000 for 9000
 14 hyphenation exceptions out of 8191
 52i,13n,115p,2173b,469s stack positions out of 5000i,500n,10000p,200000b,80000s
Output written on Book_MI.pdf (178 pages).
